<?xml version="1.0" encoding="UTF-8"?>
<!-- Generated by org.testng.reporters.JUnitReportReporter -->
<testsuite hostname="DESKTOP-NOI4AMJ" failures="0" tests="3" name="seleniumtestNG.Firstprgrm" time="0.042" errors="0" timestamp="2024-09-03T09:59:09 IST" skipped="0">
  <testcase classname="seleniumtestNG.Firstprgrm" name="test2" time="0.014"/>
  <system-out/>
  <testcase classname="seleniumtestNG.Firstprgrm" name="test3" time="0.006"/>
  <system-out/>
  <testcase classname="seleniumtestNG.Firstprgrm" name="test1" time="0.022"/>
  <system-out/>
</testsuite> <!-- seleniumtestNG.Firstprgrm -->
