<?xml version="1.0" encoding="UTF-8"?>
<!-- Generated by org.testng.reporters.JUnitReportReporter -->
<testsuite hostname="DESKTOP-NOI4AMJ" failures="0" tests="3" name="seleniumtestNG.Cross_browsing_test" time="28.859" errors="0" timestamp="2024-09-05T09:43:45 IST" skipped="0">
  <testcase classname="seleniumtestNG.Cross_browsing_test" name="test_parameters" time="15.222"/>
  <system-out/>
  <testcase classname="seleniumtestNG.Cross_browsing_test" name="test_parameters" time="8.407"/>
  <system-out/>
  <testcase classname="seleniumtestNG.Cross_browsing_test" name="test_parameters" time="5.230"/>
  <system-out/>
</testsuite> <!-- seleniumtestNG.Cross_browsing_test -->
