<?xml version="1.0" encoding="UTF-8"?>
<!-- Generated by org.testng.reporters.JUnitReportReporter -->
<testsuite hostname="DESKTOP-NOI4AMJ" failures="0" tests="1" name="seleniumtestNG.Login_validation" time="40.651" errors="0" timestamp="2024-09-10T18:27:58 IST" skipped="0">
  <testcase classname="seleniumtestNG.Login_validation" name="verification" time="40.651"/>
  <system-out/>
</testsuite> <!-- seleniumtestNG.Login_validation -->
