<?xml version="1.0" encoding="UTF-8"?>
<!-- Generated by org.testng.reporters.JUnitReportReporter -->
<testsuite hostname="DESKTOP-NOI4AMJ" failures="0" tests="4" name="seleniumtestNG.Grouping_program" time="0.049" errors="0" timestamp="2024-09-04T09:51:28 IST" skipped="0">
  <testcase classname="seleniumtestNG.Grouping_program" name="main2" time="0.031"/>
  <system-out/>
  <testcase classname="seleniumtestNG.Grouping_program" name="main4" time="0.008"/>
  <system-out/>
  <testcase classname="seleniumtestNG.Grouping_program" name="main5" time="0.005"/>
  <system-out/>
  <testcase classname="seleniumtestNG.Grouping_program" name="main3" time="0.005"/>
  <system-out/>
</testsuite> <!-- seleniumtestNG.Grouping_program -->
