<?xml version="1.0" encoding="UTF-8"?>
<!-- Generated by org.testng.reporters.JUnitReportReporter -->
<testsuite hostname="DESKTOP-NOI4AMJ" failures="0" tests="2" name="seleniumtestNG.Mouse_drag_and_drop" time="13.979" errors="0" timestamp="2024-09-09T09:19:55 IST" skipped="0">
  <testcase classname="seleniumtestNG.Mouse_drag_and_drop" name="drag_n_drop" time="2.305"/>
  <system-out/>
  <testcase classname="seleniumtestNG.Mouse_drag_and_drop" name="verify_text" time="11.674"/>
  <system-out/>
</testsuite> <!-- seleniumtestNG.Mouse_drag_and_drop -->
