<?xml version="1.0" encoding="UTF-8"?>
<!-- Generated by org.testng.reporters.JUnitReportReporter -->
<testsuite hostname="DESKTOP-NOI4AMJ" failures="0" tests="3" name="seleniumtestNG.Priority_program" time="0.050" errors="0" timestamp="2024-09-03T10:28:07 IST" skipped="0">
  <testcase classname="seleniumtestNG.Priority_program" name="mainTest" time="0.034"/>
  <system-out/>
  <testcase classname="seleniumtestNG.Priority_program" name="titleverification" time="0.009"/>
  <system-out/>
  <testcase classname="seleniumtestNG.Priority_program" name="getTestVerify" time="0.007"/>
  <system-out/>
</testsuite> <!-- seleniumtestNG.Priority_program -->
