<?xml version="1.0" encoding="UTF-8"?>
<!-- Generated by org.testng.reporters.JUnitReportReporter -->
<testsuite hostname="DESKTOP-NOI4AMJ" failures="0" tests="1" name="seleniumtestNG.Mouse_hover" time="12.680" errors="0" timestamp="2024-09-05T10:54:41 IST" skipped="0">
  <testcase classname="seleniumtestNG.Mouse_hover" name="test" time="12.680"/>
  <system-out/>
</testsuite> <!-- seleniumtestNG.Mouse_hover -->
