<?xml version="1.0" encoding="UTF-8"?>
<!-- Generated by org.testng.reporters.JUnitReportReporter -->
<testsuite hostname="DESKTOP-NOI4AMJ" failures="0" tests="1" name="seleniumtestNG.Noukri_autoit" time="7.745" errors="0" timestamp="2024-09-12T10:23:39 IST" skipped="0">
  <testcase classname="seleniumtestNG.Noukri_autoit" name="test1" time="7.745"/>
  <system-out/>
</testsuite> <!-- seleniumtestNG.Noukri_autoit -->
