<?xml version="1.0" encoding="UTF-8"?>
<!-- Generated by org.testng.reporters.JUnitReportReporter -->
<testsuite hostname="DESKTOP-NOI4AMJ" failures="0" tests="1" name="seleniumtestNG.Copy_paste" time="9.108" errors="0" timestamp="2024-09-09T09:28:08 IST" skipped="0">
  <testcase classname="seleniumtestNG.Copy_paste" name="copy_paste" time="9.108"/>
  <system-out/>
</testsuite> <!-- seleniumtestNG.Copy_paste -->
