<?xml version="1.0" encoding="UTF-8"?>
<!-- Generated by org.testng.reporters.JUnitReportReporter -->
<testsuite hostname="DESKTOP-NOI4AMJ" failures="0" tests="1" name="seleniumtestNG.Mouse_hover_flipcart" time="14.946" errors="0" timestamp="2024-09-06T09:07:25 IST" skipped="0">
  <testcase classname="seleniumtestNG.Mouse_hover_flipcart" name="test" time="14.946"/>
  <system-out/>
</testsuite> <!-- seleniumtestNG.Mouse_hover_flipcart -->
