<?xml version="1.0" encoding="UTF-8"?>
<!-- Generated by org.testng.reporters.JUnitReportReporter -->
<testsuite hostname="DESKTOP-NOI4AMJ" failures="0" tests="1" name="seleniumtestNG.Autoit_upload" time="5.810" errors="0" timestamp="2024-09-12T09:52:49 IST" skipped="0">
  <testcase classname="seleniumtestNG.Autoit_upload" name="test1" time="5.810"/>
  <system-out/>
</testsuite> <!-- seleniumtestNG.Autoit_upload -->
