<?xml version="1.0" encoding="UTF-8"?>
<!-- Generated by org.testng.reporters.JUnitReportReporter -->
<testsuite hostname="DESKTOP-NOI4AMJ" failures="0" tests="1" name="seleniumtestNG.Robot_upload" time="15.534" errors="0" timestamp="2024-09-11T10:01:55 IST" skipped="0">
  <testcase classname="seleniumtestNG.Robot_upload" name="test" time="15.534"/>
  <system-out/>
</testsuite> <!-- seleniumtestNG.Robot_upload -->
