<?xml version="1.0" encoding="UTF-8"?>
<!-- Generated by org.testng.reporters.JUnitReportReporter -->
<testsuite hostname="DESKTOP-NOI4AMJ" failures="0" tests="2" name="seleniumtestNG.Automationexcercise_hw" time="51.361" errors="0" timestamp="2024-10-07T14:11:44 IST" skipped="0">
  <testcase classname="seleniumtestNG.Automationexcercise_hw" name="logo_verification" time="9.277"/>
  <system-out/>
  <testcase classname="seleniumtestNG.Automationexcercise_hw" name="signup" time="42.084"/>
  <system-out/>
</testsuite> <!-- seleniumtestNG.Automationexcercise_hw -->
