<?xml version="1.0" encoding="UTF-8"?>
<!-- Generated by org.testng.reporters.JUnitReportReporter -->
<testsuite hostname="DESKTOP-NOI4AMJ" failures="0" tests="1" name="seleniumtestNG.Sendkeys_upload" time="6.403" errors="0" timestamp="2024-09-10T10:36:54 IST" skipped="0">
  <testcase classname="seleniumtestNG.Sendkeys_upload" name="sendkeys" time="6.403"/>
  <system-out/>
</testsuite> <!-- seleniumtestNG.Sendkeys_upload -->
