<?xml version="1.0" encoding="UTF-8"?>
<!-- Generated by org.testng.reporters.JUnitReportReporter -->
<testsuite hostname="DESKTOP-NOI4AMJ" failures="0" tests="2" name="seleniumtestNG.Double_rightclick" time="6.279" errors="0" timestamp="2024-09-06T09:56:31 IST" skipped="0">
  <testcase classname="seleniumtestNG.Double_rightclick" name="double_click" time="5.454"/>
  <system-out/>
  <testcase classname="seleniumtestNG.Double_rightclick" name="right_click" time="0.825"/>
  <system-out/>
</testsuite> <!-- seleniumtestNG.Double_rightclick -->
