<?xml version="1.0" encoding="UTF-8"?>
<!-- Generated by org.testng.reporters.JUnitReportReporter -->
<testsuite hostname="DESKTOP-NOI4AMJ" failures="0" tests="1" name="seleniumtestNG.Ilovepdf_robot" time="5.982" errors="0" timestamp="2024-09-12T10:44:13 IST" skipped="0">
  <testcase classname="seleniumtestNG.Ilovepdf_robot" name="test1" time="5.982"/>
  <system-out/>
</testsuite> <!-- seleniumtestNG.Ilovepdf_robot -->
