<?xml version="1.0" encoding="UTF-8"?>
<!-- Generated by org.testng.reporters.JUnitReportReporter -->
<testsuite hostname="DESKTOP-NOI4AMJ" failures="0" tests="3" name="seleniumtestNG.Enable_program" time="0.050" errors="0" timestamp="2024-09-04T09:59:37 IST" skipped="1">
  <testcase classname="seleniumtestNG.Enable_program" name="mainTest" time="0.012"/>
  <system-out/>
  <testcase classname="seleniumtestNG.Enable_program" name="titleVerification" time="0.038"/>
  <system-out/>
  <testcase classname="seleniumtestNG.Enable_program" name="getTestverified">
    <skipped/>
  </testcase> <!-- getTestverified -->
  <system-out/>
</testsuite> <!-- seleniumtestNG.Enable_program -->
