<?xml version="1.0" encoding="UTF-8"?>
<!-- Generated by org.testng.reporters.JUnitReportReporter -->
<testsuite hostname="DESKTOP-NOI4AMJ" failures="0" tests="1" name="seleniumtestNG.Login_parameter" time="0.018" errors="0" timestamp="2024-09-04T10:43:41 IST" skipped="0">
  <testcase classname="seleniumtestNG.Login_parameter" name="pass_values" time="0.018"/>
  <system-out/>
</testsuite> <!-- seleniumtestNG.Login_parameter -->
